Using pre-set license
Built from '2023.1/staging' branch; Version is '2023.1.6f1 (964b2488c462) revision 9849636'; Using compiler version '192829333'; Build Type 'Release'
OS: 'Windows 11  (10.0.22631) 64bit Core' Language: 'en' Physical Memory: 16145 MB
BatchMode: 1, IsHumanControllingUs: 0, StartBugReporterOnCrash: 0, Is64bit: 1, IsPro: 1

COMMAND LINE ARGUMENTS:
C:\Program Files\Unity\Hub\Editor\2023.1.6f1\Editor\Unity.exe
-adb2
-batchMode
-noUpm
-name
AssetImportWorker1
-projectPath
C:/Users/edvar/Documents/Projects/ServiceStation
-logFile
Logs/AssetImportWorker1.log
-srvPort
59036
Successfully changed project path to: C:/Users/edvar/Documents/Projects/ServiceStation
C:/Users/edvar/Documents/Projects/ServiceStation
[UnityMemory] Configuration Parameters - Can be set up in boot.config
    "memorysetup-bucket-allocator-granularity=16"
    "memorysetup-bucket-allocator-bucket-count=8"
    "memorysetup-bucket-allocator-block-size=33554432"
    "memorysetup-bucket-allocator-block-count=8"
    "memorysetup-main-allocator-block-size=16777216"
    "memorysetup-thread-allocator-block-size=16777216"
    "memorysetup-gfx-main-allocator-block-size=16777216"
    "memorysetup-gfx-thread-allocator-block-size=16777216"
    "memorysetup-cache-allocator-block-size=4194304"
    "memorysetup-typetree-allocator-block-size=2097152"
    "memorysetup-profiler-bucket-allocator-granularity=16"
    "memorysetup-profiler-bucket-allocator-bucket-count=8"
    "memorysetup-profiler-bucket-allocator-block-size=33554432"
    "memorysetup-profiler-bucket-allocator-block-count=8"
    "memorysetup-profiler-allocator-block-size=16777216"
    "memorysetup-profiler-editor-allocator-block-size=1048576"
    "memorysetup-temp-allocator-size-main=16777216"
    "memorysetup-job-temp-allocator-block-size=2097152"
    "memorysetup-job-temp-allocator-block-size-background=1048576"
    "memorysetup-job-temp-allocator-reduction-small-platforms=262144"
    "memorysetup-allocator-temp-initial-block-size-main=262144"
    "memorysetup-allocator-temp-initial-block-size-worker=262144"
    "memorysetup-temp-allocator-size-background-worker=32768"
    "memorysetup-temp-allocator-size-job-worker=262144"
    "memorysetup-temp-allocator-size-preload-manager=33554432"
    "memorysetup-temp-allocator-size-nav-mesh-worker=65536"
    "memorysetup-temp-allocator-size-audio-worker=65536"
    "memorysetup-temp-allocator-size-cloud-worker=32768"
    "memorysetup-temp-allocator-size-gi-baking-worker=262144"
    "memorysetup-temp-allocator-size-gfx=262144"
Player connection [25392] Host "[IP] 192.168.0.215 [Port] 0 [Flags] 2 [Guid] 1470692632 [EditorId] 1470692632 [Version] 1048832 [Id] WindowsEditor(7,DESKTOP-817DMIM) [Debug] 1 [PackageName] WindowsEditor [ProjectName] Editor" joined multi-casting on [225.0.0.222:54997]...

Player connection [25392] Host "[IP] 192.168.0.215 [Port] 0 [Flags] 2 [Guid] 1470692632 [EditorId] 1470692632 [Version] 1048832 [Id] WindowsEditor(7,DESKTOP-817DMIM) [Debug] 1 [PackageName] WindowsEditor [ProjectName] Editor" joined alternative multi-casting on [225.0.0.222:34997]...

Library Redirect Path: Library/Refreshing native plugins compatible for Editor in 13.88 ms, found 3 plugins.
Preloading 0 native plugins for Editor in 0.00 ms.
Initialize engine version: 2023.1.6f1 (964b2488c462)
[Subsystems] Discovering subsystems at path C:/Program Files/Unity/Hub/Editor/2023.1.6f1/Editor/Data/Resources/UnitySubsystems
[Subsystems] Discovering subsystems at path C:/Users/edvar/Documents/Projects/ServiceStation/Assets
GfxDevice: creating device client; threaded=0; jobified=0
Direct3D:
    Version:  Direct3D 11.0 [level 11.1]
    Renderer: NVIDIA GeForce RTX 2060 (ID=0x1f15)
    Vendor:   NVIDIA
    VRAM:     5968 MB
    Driver:   31.0.15.3209
Initialize mono
Mono path[0] = 'C:/Program Files/Unity/Hub/Editor/2023.1.6f1/Editor/Data/Managed'
Mono path[1] = 'C:/Program Files/Unity/Hub/Editor/2023.1.6f1/Editor/Data/MonoBleedingEdge/lib/mono/unityjit-win32'
Mono config path = 'C:/Program Files/Unity/Hub/Editor/2023.1.6f1/Editor/Data/MonoBleedingEdge/etc'
Using monoOptions --debugger-agent=transport=dt_socket,embedding=1,server=y,suspend=n,address=127.0.0.1:56552
Begin MonoManager ReloadAssembly
C:\build\output\Unity-Technologies\mono\mono\metadata\icall.c:1842:
C:\build\output\Unity-Technologies\mono\mono\metadata\icall.c:1842:
C:\build\output\Unity-Technologies\mono\mono\metadata\icall.c:1842:
C:\build\output\Unity-Technologies\mono\mono\metadata\icall.c:1842:
C:\build\output\Unity-Technologies\mono\mono\metadata\icall.c:1842:
C:\build\output\Unity-Technologies\mono\mono\metadata\icall.c:1842:
C:\build\output\Unity-Technologies\mono\mono\metadata\icall.c:1842:
C:\build\output\Unity-Technologies\mono\mono\metadata\icall.c:1842:
C:\build\output\Unity-Technologies\mono\mono\metadata\icall.c:1842:
C:\build\output\Unity-Technologies\mono\mono\metadata\icall.c:1842:
Registering precompiled unity dll's ...
Register platform support module: C:/Program Files/Unity/Hub/Editor/2023.1.6f1/Editor/Data/PlaybackEngines/WindowsStandaloneSupport/UnityEditor.WindowsStandalone.Extensions.dll
Registered in 0.005165 seconds.
- Loaded All Assemblies, in  0.559 seconds
Native extension for WindowsStandalone target not found
Mono: successfully reloaded assembly
C:\build\output\Unity-Technologies\mono\mono\metadata\icall.c:1842:
C:\build\output\Unity-Technologies\mono\mono\metadata\icall.c:1842:
- Finished resetting the current domain, in  0.463 seconds
Domain Reload Profiling: 1019ms
	BeginReloadAssembly (217ms)
		ExecutionOrderSort (0ms)
		DisableScriptedObjects (0ms)
		BackupInstance (0ms)
		ReleaseScriptingObjects (0ms)
		CreateAndSetChildDomain (1ms)
	RebuildCommonClasses (40ms)
	RebuildNativeTypeToScriptingClass (12ms)
	initialDomainReloadingComplete (68ms)
	LoadAllAssembliesAndSetupDomain (216ms)
		LoadAssemblies (209ms)
		RebuildTransferFunctionScriptingTraits (0ms)
		AnalyzeDomain (206ms)
			TypeCache.Refresh (204ms)
				TypeCache.ScanAssembly (190ms)
			ScanForSourceGeneratedMonoScriptInfo (0ms)
			ResolveRequiredComponents (0ms)
	FinalizeReload (464ms)
		ReleaseScriptCaches (0ms)
		RebuildScriptCaches (0ms)
		SetupLoadedEditorAssemblies (402ms)
			LogAssemblyErrors (0ms)
			InitializePlatformSupportModulesInManaged (11ms)
			SetLoadedEditorAssemblies (7ms)
			BeforeProcessingInitializeOnLoad (11ms)
			ProcessInitializeOnLoadAttributes (285ms)
			ProcessInitializeOnLoadMethodAttributes (89ms)
			AfterProcessingInitializeOnLoad (0ms)
			EditorAssembliesLoaded (0ms)
		ExecutionOrderSort2 (0ms)
		AwakeInstancesAfterBackupRestoration (0ms)
========================================================================
Worker process is ready to serve import requests
Import Worker Mode flag is 0x00
Begin MonoManager ReloadAssembly
C:\build\output\Unity-Technologies\mono\mono\metadata\icall.c:1842:
C:\build\output\Unity-Technologies\mono\mono\metadata\icall.c:1842:
C:\build\output\Unity-Technologies\mono\mono\metadata\icall.c:1842:
C:\build\output\Unity-Technologies\mono\mono\metadata\icall.c:1842:
C:\build\output\Unity-Technologies\mono\mono\metadata\icall.c:1842:
C:\build\output\Unity-Technologies\mono\mono\metadata\icall.c:1842:
C:\build\output\Unity-Technologies\mono\mono\metadata\icall.c:1842:
C:\build\output\Unity-Technologies\mono\mono\metadata\icall.c:1842:
C:\build\output\Unity-Technologies\mono\mono\metadata\icall.c:1842:
C:\build\output\Unity-Technologies\mono\mono\metadata\icall.c:1842:
C:\build\output\Unity-Technologies\mono\mono\metadata\icall.c:1842:
C:\build\output\Unity-Technologies\mono\mono\metadata\icall.c:1842:
Symbol file LoadedFromMemory doesn't match image C:\Users\edvar\Documents\Projects\ServiceStation\Library\PackageCache\com.unity.visualscripting@1.8.0\Editor\VisualScripting.Core\Dependencies\YamlDotNet\Unity.VisualScripting.YamlDotNet.dll
Symbol file LoadedFromMemory doesn't match image C:\Users\edvar\Documents\Projects\ServiceStation\Library\PackageCache\com.unity.visualscripting@1.8.0\Editor\VisualScripting.Core\Dependencies\DotNetZip\Unity.VisualScripting.IonicZip.dll
- Loaded All Assemblies, in  1.374 seconds
Refreshing native plugins compatible for Editor in 4.86 ms, found 3 plugins.
Native extension for WindowsStandalone target not found
Mono: successfully reloaded assembly
- Finished resetting the current domain, in  0.892 seconds
Domain Reload Profiling: 2260ms
	BeginReloadAssembly (459ms)
		ExecutionOrderSort (0ms)
		DisableScriptedObjects (8ms)
		BackupInstance (0ms)
		ReleaseScriptingObjects (0ms)
		CreateAndSetChildDomain (45ms)
	RebuildCommonClasses (55ms)
	RebuildNativeTypeToScriptingClass (18ms)
	initialDomainReloadingComplete (65ms)
	LoadAllAssembliesAndSetupDomain (770ms)
		LoadAssemblies (497ms)
		RebuildTransferFunctionScriptingTraits (0ms)
		AnalyzeDomain (419ms)
			TypeCache.Refresh (386ms)
				TypeCache.ScanAssembly (365ms)
			ScanForSourceGeneratedMonoScriptInfo (19ms)
			ResolveRequiredComponents (13ms)
	FinalizeReload (893ms)
		ReleaseScriptCaches (0ms)
		RebuildScriptCaches (0ms)
		SetupLoadedEditorAssemblies (555ms)
			LogAssemblyErrors (0ms)
			InitializePlatformSupportModulesInManaged (11ms)
			SetLoadedEditorAssemblies (5ms)
			BeforeProcessingInitializeOnLoad (119ms)
			ProcessInitializeOnLoadAttributes (386ms)
			ProcessInitializeOnLoadMethodAttributes (26ms)
			AfterProcessingInitializeOnLoad (8ms)
			EditorAssembliesLoaded (0ms)
		ExecutionOrderSort2 (0ms)
		AwakeInstancesAfterBackupRestoration (12ms)
Launched and connected shader compiler UnityShaderCompiler.exe after 0.03 seconds
Refreshing native plugins compatible for Editor in 7.18 ms, found 3 plugins.
Preloading 0 native plugins for Editor in 0.00 ms.
Unloading 3101 Unused Serialized files (Serialized files now loaded: 0)
Unloading 31 unused Assets / (52.8 KB). Loaded Objects now: 3642.
Memory consumption went from 123.1 MB to 123.0 MB.
Total: 6.550900 ms (FindLiveObjects: 0.279500 ms CreateObjectMapping: 0.295200 ms MarkObjects: 5.858300 ms  DeleteObjects: 0.116300 ms)

AssetImportParameters requested are different than current active one (requested -> active):
  custom:video-decoder-webm-vp8: 9c59270c3fd7afecdb556c50c9e8de78 -> 
  custom:audio-encoder-webm-vorbis: bf7c407c2cedff20999df2af8eb42d56 -> 
  custom:AudioImporter_EditorPlatform: d09bf68614088b80899f8185d706f6e7 -> 
  custom:audio-decoder-ogg-vorbis: bf7c407c2cedff20999df2af8eb42d56 -> 
  custom:video-encoder-webm-vp8: eb34c28f22e8b96e1ab97ce403110664 -> 
  custom:container-demuxer-ogg: 62fdf1f143b41e24485cea50d1cbac27 -> 
  custom:framework-win-MediaFoundation: 216162199b28c13a410421893ffa2e32 -> 
  custom:video-decoder-ogg-theora: a1e56fd34408186e4bbccfd4996cb3dc -> 
  custom:container-muxer-webm: aa71ff27fc2769a1b78a27578f13a17b -> 
  custom:video-codec-MediaFoundation-h265: 746d11721c4dcdbdad8f713fa42b33f4 -> 
  custom:CustomObjectIndexerAttribute: 756ad292c208cfabdd7b50bc23989ffe -> 
  custom:container-demuxer-webm: 4f35f7cbe854078d1ac9338744f61a02 -> 
========================================================================
Received Import Request.
  Time since last request: 366273.613345 seconds.
  path: Assets/map 2.prefab
  artifactKey: Guid(e61a89625e03231428ea1d49f731ed57) Importer(815301076,1909f56bfc062723c751e8b465ee728b)
Start importing Assets/map 2.prefab using Guid(e61a89625e03231428ea1d49f731ed57) Importer(815301076,1909f56bfc062723c751e8b465ee728b)  -> (artifact id: 'bd499cb8ce62aa3df3849bd8d08d4d55') in 0.074343 seconds
Number of updated asset objects reloaded before import = 0
Number of asset objects unloaded after import = 66
========================================================================
Received Import Request.
  Time since last request: 0.000028 seconds.
  path: Assets/Object01_5.prefab
  artifactKey: Guid(7725cce7574a9b74194183054b2ea6a4) Importer(815301076,1909f56bfc062723c751e8b465ee728b)
Start importing Assets/Object01_5.prefab using Guid(7725cce7574a9b74194183054b2ea6a4) Importer(815301076,1909f56bfc062723c751e8b465ee728b)  -> (artifact id: 'cb98a7c4618188c79bd86b4e9d132d0b') in 0.012574 seconds
Number of updated asset objects reloaded before import = 0
Number of asset objects unloaded after import = 6
========================================================================
Received Import Request.
  Time since last request: 0.000043 seconds.
  path: Assets/Object01_1.prefab
  artifactKey: Guid(8dca0a25d922d7e4da36886b32f385be) Importer(815301076,1909f56bfc062723c751e8b465ee728b)
Start importing Assets/Object01_1.prefab using Guid(8dca0a25d922d7e4da36886b32f385be) Importer(815301076,1909f56bfc062723c751e8b465ee728b)  -> (artifact id: 'a1cb7ee8272fbacfae4deb428e0d71ab') in 0.006872 seconds
Number of updated asset objects reloaded before import = 0
Number of asset objects unloaded after import = 6
========================================================================
Received Import Request.
  Time since last request: 0.000025 seconds.
  path: Assets/Object01_14.prefab
  artifactKey: Guid(9a4a05e0fc99a82459b744c9fee87096) Importer(815301076,1909f56bfc062723c751e8b465ee728b)
Start importing Assets/Object01_14.prefab using Guid(9a4a05e0fc99a82459b744c9fee87096) Importer(815301076,1909f56bfc062723c751e8b465ee728b)  -> (artifact id: 'ecd238a697d9d57258e78aefb5946d69') in 0.004484 seconds
Number of updated asset objects reloaded before import = 0
Number of asset objects unloaded after import = 7
========================================================================
Received Import Request.
  Time since last request: 0.000027 seconds.
  path: Assets/Object01_11.prefab
  artifactKey: Guid(af7106f7ed799e14c943cde6d8f8e66f) Importer(815301076,1909f56bfc062723c751e8b465ee728b)
Start importing Assets/Object01_11.prefab using Guid(af7106f7ed799e14c943cde6d8f8e66f) Importer(815301076,1909f56bfc062723c751e8b465ee728b)  -> (artifact id: '8d0673b75db33096642cfddfc6a47b09') in 0.006715 seconds
Number of updated asset objects reloaded before import = 0
Number of asset objects unloaded after import = 6
========================================================================
Received Import Request.
  Time since last request: 0.000085 seconds.
  path: Assets/Object01_12.prefab
  artifactKey: Guid(af2372a8e39f9864eb4828215b0e7a68) Importer(815301076,1909f56bfc062723c751e8b465ee728b)
Start importing Assets/Object01_12.prefab using Guid(af2372a8e39f9864eb4828215b0e7a68) Importer(815301076,1909f56bfc062723c751e8b465ee728b)  -> (artifact id: 'c1cdb8b1aa7625bb4c4c21b7754a067c') in 0.007696 seconds
Number of updated asset objects reloaded before import = 0
Number of asset objects unloaded after import = 7
========================================================================
Received Import Request.
  Time since last request: 0.000032 seconds.
  path: Assets/Object01_13.prefab
  artifactKey: Guid(8a813131e46e60849b58fbd335527a78) Importer(815301076,1909f56bfc062723c751e8b465ee728b)
Start importing Assets/Object01_13.prefab using Guid(8a813131e46e60849b58fbd335527a78) Importer(815301076,1909f56bfc062723c751e8b465ee728b)  -> (artifact id: '51e714cffe5c79d6d74301f049a8ebac') in 0.006965 seconds
Number of updated asset objects reloaded before import = 0
Number of asset objects unloaded after import = 7
========================================================================
Received Import Request.
  Time since last request: 0.000024 seconds.
  path: Assets/Object01_7.prefab
  artifactKey: Guid(c8b2695e3b2a72e428c44b512cc1c14a) Importer(815301076,1909f56bfc062723c751e8b465ee728b)
Start importing Assets/Object01_7.prefab using Guid(c8b2695e3b2a72e428c44b512cc1c14a) Importer(815301076,1909f56bfc062723c751e8b465ee728b)  -> (artifact id: 'd4b7b0f86057e11c9a50eb903fa1c7d3') in 0.004526 seconds
Number of updated asset objects reloaded before import = 0
Number of asset objects unloaded after import = 6
========================================================================
Received Import Request.
  Time since last request: 0.000213 seconds.
  path: Assets/Object01.prefab
  artifactKey: Guid(bb05b206575065149b7f837218cf188c) Importer(815301076,1909f56bfc062723c751e8b465ee728b)
Start importing Assets/Object01.prefab using Guid(bb05b206575065149b7f837218cf188c) Importer(815301076,1909f56bfc062723c751e8b465ee728b)  -> (artifact id: '3a6261c00e34ec6d43d8e3babfb3ec00') in 0.006743 seconds
Number of updated asset objects reloaded before import = 0
Number of asset objects unloaded after import = 6
========================================================================
Received Import Request.
  Time since last request: 0.000142 seconds.
  path: Assets/New Material.mat
  artifactKey: Guid(d60529341b1d0bc4789d49c7fc016b12) Importer(815301076,1909f56bfc062723c751e8b465ee728b)
Start importing Assets/New Material.mat using Guid(d60529341b1d0bc4789d49c7fc016b12) Importer(815301076,1909f56bfc062723c751e8b465ee728b)  -> (artifact id: '4c911c1647957be3ee4d01c12c3ca27f') in 0.544319 seconds
Number of updated asset objects reloaded before import = 0
Number of asset objects unloaded after import = 1
========================================================================
Received Import Request.
  Time since last request: 0.000029 seconds.
  path: Assets/Object01_4.prefab
  artifactKey: Guid(aae7b09dda7cc9548acfc673bacdef86) Importer(815301076,1909f56bfc062723c751e8b465ee728b)
Start importing Assets/Object01_4.prefab using Guid(aae7b09dda7cc9548acfc673bacdef86) Importer(815301076,1909f56bfc062723c751e8b465ee728b)  -> (artifact id: '78f1ebb16832c8256801ec63ecebc981') in 0.004902 seconds
Number of updated asset objects reloaded before import = 0
Number of asset objects unloaded after import = 7
========================================================================
Received Import Request.
  Time since last request: 0.000039 seconds.
  path: Assets/Object01_8.prefab
  artifactKey: Guid(0c1ede49f30857b439b9f7450916a98d) Importer(815301076,1909f56bfc062723c751e8b465ee728b)
Start importing Assets/Object01_8.prefab using Guid(0c1ede49f30857b439b9f7450916a98d) Importer(815301076,1909f56bfc062723c751e8b465ee728b)  -> (artifact id: 'e8f10328baaa58fb3a92180fa827be11') in 0.004383 seconds
Number of updated asset objects reloaded before import = 0
Number of asset objects unloaded after import = 7
========================================================================
Received Import Request.
  Time since last request: 0.000078 seconds.
  path: Assets/Object01_2.prefab
  artifactKey: Guid(3ae5404f2f25a0349af8e1899a3fb41d) Importer(815301076,1909f56bfc062723c751e8b465ee728b)
Start importing Assets/Object01_2.prefab using Guid(3ae5404f2f25a0349af8e1899a3fb41d) Importer(815301076,1909f56bfc062723c751e8b465ee728b)  -> (artifact id: '9e3e4db7b8cf970d005d525c1cf97d8b') in 0.003705 seconds
Number of updated asset objects reloaded before import = 0
Number of asset objects unloaded after import = 7
========================================================================
Received Import Request.
  Time since last request: 9.134890 seconds.
  path: Assets/Object01_17.prefab
  artifactKey: Guid(50a5ca5c726dad84e9c58eab9d405dfe) Importer(815301076,1909f56bfc062723c751e8b465ee728b)
Start importing Assets/Object01_17.prefab using Guid(50a5ca5c726dad84e9c58eab9d405dfe) Importer(815301076,1909f56bfc062723c751e8b465ee728b)  -> (artifact id: '6283aef84c2bf3d27836491951728a48') in 0.005070 seconds
Number of updated asset objects reloaded before import = 0
Number of asset objects unloaded after import = 7
========================================================================
Received Import Request.
  Time since last request: 0.000162 seconds.
  path: Assets/Object01_18.prefab
  artifactKey: Guid(ce6f9232e94891546bfa0890917d1af5) Importer(815301076,1909f56bfc062723c751e8b465ee728b)
Start importing Assets/Object01_18.prefab using Guid(ce6f9232e94891546bfa0890917d1af5) Importer(815301076,1909f56bfc062723c751e8b465ee728b)  -> (artifact id: 'e7c1c9f68eaffdaa82e58d6a490d018b') in 0.002876 seconds
Number of updated asset objects reloaded before import = 0
Number of asset objects unloaded after import = 6
========================================================================
Received Import Request.
  Time since last request: 0.088816 seconds.
  path: Assets/Object01_22.prefab
  artifactKey: Guid(9ce377af312b2ff46af90f2310622631) Importer(815301076,1909f56bfc062723c751e8b465ee728b)
Start importing Assets/Object01_22.prefab using Guid(9ce377af312b2ff46af90f2310622631) Importer(815301076,1909f56bfc062723c751e8b465ee728b)  -> (artifact id: '94bf46a7772cd0e3f8bbc72af4d04db6') in 0.002528 seconds
Number of updated asset objects reloaded before import = 0
Number of asset objects unloaded after import = 7
========================================================================
Received Import Request.
  Time since last request: 0.000018 seconds.
  path: Assets/Object01_23.prefab
  artifactKey: Guid(62f1ea36f70ce584bb7b2f773df1378d) Importer(815301076,1909f56bfc062723c751e8b465ee728b)
Start importing Assets/Object01_23.prefab using Guid(62f1ea36f70ce584bb7b2f773df1378d) Importer(815301076,1909f56bfc062723c751e8b465ee728b)  -> (artifact id: 'ebfe30db87ff6a4c287b0e39d708af6c') in 0.004100 seconds
Number of updated asset objects reloaded before import = 0
Number of asset objects unloaded after import = 7
========================================================================
Received Import Request.
  Time since last request: 0.355950 seconds.
  path: Assets/Object01_27.prefab
  artifactKey: Guid(c984952445684f94b8216318e7f05b24) Importer(815301076,1909f56bfc062723c751e8b465ee728b)
Start importing Assets/Object01_27.prefab using Guid(c984952445684f94b8216318e7f05b24) Importer(815301076,1909f56bfc062723c751e8b465ee728b)  -> (artifact id: '716b96255b976ea101ba56c14daf9292') in 0.002655 seconds
Number of updated asset objects reloaded before import = 0
Number of asset objects unloaded after import = 6
Editor requested this worker to shutdown with reason: Scaling down because of idle timeout
AssetImportWorker is now disconnected from the server
Process exiting
Exiting without the bug reporter. Application will terminate with return code 0