Using pre-set license
Built from '2023.1/staging' branch; Version is '2023.1.6f1 (964b2488c462) revision 9849636'; Using compiler version '192829333'; Build Type 'Release'
OS: 'Windows 11  (10.0.22631) 64bit Core' Language: 'en' Physical Memory: 16145 MB
BatchMode: 1, IsHumanControllingUs: 0, StartBugReporterOnCrash: 0, Is64bit: 1, IsPro: 1

COMMAND LINE ARGUMENTS:
C:\Program Files\Unity\Hub\Editor\2023.1.6f1\Editor\Unity.exe
-adb2
-batchMode
-noUpm
-name
AssetImportWorker0
-projectPath
C:/Users/edvar/Documents/Projects/ServiceStation
-logFile
Logs/AssetImportWorker0.log
-srvPort
59036
Successfully changed project path to: C:/Users/edvar/Documents/Projects/ServiceStation
C:/Users/edvar/Documents/Projects/ServiceStation
[UnityMemory] Configuration Parameters - Can be set up in boot.config
    "memorysetup-bucket-allocator-granularity=16"
    "memorysetup-bucket-allocator-bucket-count=8"
    "memorysetup-bucket-allocator-block-size=33554432"
    "memorysetup-bucket-allocator-block-count=8"
    "memorysetup-main-allocator-block-size=16777216"
    "memorysetup-thread-allocator-block-size=16777216"
    "memorysetup-gfx-main-allocator-block-size=16777216"
    "memorysetup-gfx-thread-allocator-block-size=16777216"
    "memorysetup-cache-allocator-block-size=4194304"
    "memorysetup-typetree-allocator-block-size=2097152"
    "memorysetup-profiler-bucket-allocator-granularity=16"
    "memorysetup-profiler-bucket-allocator-bucket-count=8"
    "memorysetup-profiler-bucket-allocator-block-size=33554432"
    "memorysetup-profiler-bucket-allocator-block-count=8"
    "memorysetup-profiler-allocator-block-size=16777216"
    "memorysetup-profiler-editor-allocator-block-size=1048576"
    "memorysetup-temp-allocator-size-main=16777216"
    "memorysetup-job-temp-allocator-block-size=2097152"
    "memorysetup-job-temp-allocator-block-size-background=1048576"
    "memorysetup-job-temp-allocator-reduction-small-platforms=262144"
    "memorysetup-allocator-temp-initial-block-size-main=262144"
    "memorysetup-allocator-temp-initial-block-size-worker=262144"
    "memorysetup-temp-allocator-size-background-worker=32768"
    "memorysetup-temp-allocator-size-job-worker=262144"
    "memorysetup-temp-allocator-size-preload-manager=33554432"
    "memorysetup-temp-allocator-size-nav-mesh-worker=65536"
    "memorysetup-temp-allocator-size-audio-worker=65536"
    "memorysetup-temp-allocator-size-cloud-worker=32768"
    "memorysetup-temp-allocator-size-gi-baking-worker=262144"
    "memorysetup-temp-allocator-size-gfx=262144"
Player connection [33188] Host "[IP] 192.168.0.215 [Port] 0 [Flags] 2 [Guid] 2128038502 [EditorId] 2128038502 [Version] 1048832 [Id] WindowsEditor(7,DESKTOP-817DMIM) [Debug] 1 [PackageName] WindowsEditor [ProjectName] Editor" joined multi-casting on [225.0.0.222:54997]...

Player connection [33188] Host "[IP] 192.168.0.215 [Port] 0 [Flags] 2 [Guid] 2128038502 [EditorId] 2128038502 [Version] 1048832 [Id] WindowsEditor(7,DESKTOP-817DMIM) [Debug] 1 [PackageName] WindowsEditor [ProjectName] Editor" joined alternative multi-casting on [225.0.0.222:34997]...

Library Redirect Path: Library/Refreshing native plugins compatible for Editor in 12.71 ms, found 3 plugins.
Preloading 0 native plugins for Editor in 0.00 ms.
Initialize engine version: 2023.1.6f1 (964b2488c462)
[Subsystems] Discovering subsystems at path C:/Program Files/Unity/Hub/Editor/2023.1.6f1/Editor/Data/Resources/UnitySubsystems
[Subsystems] Discovering subsystems at path C:/Users/edvar/Documents/Projects/ServiceStation/Assets
GfxDevice: creating device client; threaded=0; jobified=0
Direct3D:
    Version:  Direct3D 11.0 [level 11.1]
    Renderer: NVIDIA GeForce RTX 2060 (ID=0x1f15)
    Vendor:   NVIDIA
    VRAM:     5968 MB
    Driver:   31.0.15.3209
Initialize mono
Mono path[0] = 'C:/Program Files/Unity/Hub/Editor/2023.1.6f1/Editor/Data/Managed'
Mono path[1] = 'C:/Program Files/Unity/Hub/Editor/2023.1.6f1/Editor/Data/MonoBleedingEdge/lib/mono/unityjit-win32'
Mono config path = 'C:/Program Files/Unity/Hub/Editor/2023.1.6f1/Editor/Data/MonoBleedingEdge/etc'
Using monoOptions --debugger-agent=transport=dt_socket,embedding=1,server=y,suspend=n,address=127.0.0.1:56980
Begin MonoManager ReloadAssembly
C:\build\output\Unity-Technologies\mono\mono\metadata\icall.c:1842:
C:\build\output\Unity-Technologies\mono\mono\metadata\icall.c:1842:
C:\build\output\Unity-Technologies\mono\mono\metadata\icall.c:1842:
C:\build\output\Unity-Technologies\mono\mono\metadata\icall.c:1842:
C:\build\output\Unity-Technologies\mono\mono\metadata\icall.c:1842:
C:\build\output\Unity-Technologies\mono\mono\metadata\icall.c:1842:
C:\build\output\Unity-Technologies\mono\mono\metadata\icall.c:1842:
C:\build\output\Unity-Technologies\mono\mono\metadata\icall.c:1842:
C:\build\output\Unity-Technologies\mono\mono\metadata\icall.c:1842:
C:\build\output\Unity-Technologies\mono\mono\metadata\icall.c:1842:
Registering precompiled unity dll's ...
Register platform support module: C:/Program Files/Unity/Hub/Editor/2023.1.6f1/Editor/Data/PlaybackEngines/WindowsStandaloneSupport/UnityEditor.WindowsStandalone.Extensions.dll
Registered in 0.005246 seconds.
- Loaded All Assemblies, in  0.563 seconds
Native extension for WindowsStandalone target not found
Mono: successfully reloaded assembly
C:\build\output\Unity-Technologies\mono\mono\metadata\icall.c:1842:
C:\build\output\Unity-Technologies\mono\mono\metadata\icall.c:1842:
- Finished resetting the current domain, in  0.444 seconds
Domain Reload Profiling: 1003ms
	BeginReloadAssembly (212ms)
		ExecutionOrderSort (0ms)
		DisableScriptedObjects (0ms)
		BackupInstance (0ms)
		ReleaseScriptingObjects (0ms)
		CreateAndSetChildDomain (1ms)
	RebuildCommonClasses (46ms)
	RebuildNativeTypeToScriptingClass (18ms)
	initialDomainReloadingComplete (64ms)
	LoadAllAssembliesAndSetupDomain (219ms)
		LoadAssemblies (205ms)
		RebuildTransferFunctionScriptingTraits (0ms)
		AnalyzeDomain (212ms)
			TypeCache.Refresh (210ms)
				TypeCache.ScanAssembly (193ms)
			ScanForSourceGeneratedMonoScriptInfo (1ms)
			ResolveRequiredComponents (0ms)
	FinalizeReload (444ms)
		ReleaseScriptCaches (0ms)
		RebuildScriptCaches (0ms)
		SetupLoadedEditorAssemblies (388ms)
			LogAssemblyErrors (0ms)
			InitializePlatformSupportModulesInManaged (10ms)
			SetLoadedEditorAssemblies (8ms)
			BeforeProcessingInitializeOnLoad (12ms)
			ProcessInitializeOnLoadAttributes (276ms)
			ProcessInitializeOnLoadMethodAttributes (83ms)
			AfterProcessingInitializeOnLoad (0ms)
			EditorAssembliesLoaded (0ms)
		ExecutionOrderSort2 (0ms)
		AwakeInstancesAfterBackupRestoration (0ms)
========================================================================
Worker process is ready to serve import requests
Import Worker Mode flag is 0x00
Begin MonoManager ReloadAssembly
C:\build\output\Unity-Technologies\mono\mono\metadata\icall.c:1842:
C:\build\output\Unity-Technologies\mono\mono\metadata\icall.c:1842:
C:\build\output\Unity-Technologies\mono\mono\metadata\icall.c:1842:
C:\build\output\Unity-Technologies\mono\mono\metadata\icall.c:1842:
C:\build\output\Unity-Technologies\mono\mono\metadata\icall.c:1842:
C:\build\output\Unity-Technologies\mono\mono\metadata\icall.c:1842:
C:\build\output\Unity-Technologies\mono\mono\metadata\icall.c:1842:
C:\build\output\Unity-Technologies\mono\mono\metadata\icall.c:1842:
C:\build\output\Unity-Technologies\mono\mono\metadata\icall.c:1842:
C:\build\output\Unity-Technologies\mono\mono\metadata\icall.c:1842:
C:\build\output\Unity-Technologies\mono\mono\metadata\icall.c:1842:
C:\build\output\Unity-Technologies\mono\mono\metadata\icall.c:1842:
Symbol file LoadedFromMemory doesn't match image C:\Users\edvar\Documents\Projects\ServiceStation\Library\PackageCache\com.unity.visualscripting@1.8.0\Editor\VisualScripting.Core\Dependencies\YamlDotNet\Unity.VisualScripting.YamlDotNet.dll
Symbol file LoadedFromMemory doesn't match image C:\Users\edvar\Documents\Projects\ServiceStation\Library\PackageCache\com.unity.visualscripting@1.8.0\Editor\VisualScripting.Core\Dependencies\DotNetZip\Unity.VisualScripting.IonicZip.dll
- Loaded All Assemblies, in  1.382 seconds
Refreshing native plugins compatible for Editor in 3.90 ms, found 3 plugins.
Native extension for WindowsStandalone target not found
Mono: successfully reloaded assembly
- Finished resetting the current domain, in  0.878 seconds
Domain Reload Profiling: 2253ms
	BeginReloadAssembly (462ms)
		ExecutionOrderSort (0ms)
		DisableScriptedObjects (10ms)
		BackupInstance (0ms)
		ReleaseScriptingObjects (0ms)
		CreateAndSetChildDomain (53ms)
	RebuildCommonClasses (49ms)
	RebuildNativeTypeToScriptingClass (20ms)
	initialDomainReloadingComplete (64ms)
	LoadAllAssembliesAndSetupDomain (779ms)
		LoadAssemblies (476ms)
		RebuildTransferFunctionScriptingTraits (0ms)
		AnalyzeDomain (443ms)
			TypeCache.Refresh (412ms)
				TypeCache.ScanAssembly (392ms)
			ScanForSourceGeneratedMonoScriptInfo (27ms)
			ResolveRequiredComponents (5ms)
	FinalizeReload (879ms)
		ReleaseScriptCaches (0ms)
		RebuildScriptCaches (0ms)
		SetupLoadedEditorAssemblies (563ms)
			LogAssemblyErrors (0ms)
			InitializePlatformSupportModulesInManaged (9ms)
			SetLoadedEditorAssemblies (5ms)
			BeforeProcessingInitializeOnLoad (114ms)
			ProcessInitializeOnLoadAttributes (399ms)
			ProcessInitializeOnLoadMethodAttributes (27ms)
			AfterProcessingInitializeOnLoad (10ms)
			EditorAssembliesLoaded (0ms)
		ExecutionOrderSort2 (0ms)
		AwakeInstancesAfterBackupRestoration (13ms)
Launched and connected shader compiler UnityShaderCompiler.exe after 0.03 seconds
Refreshing native plugins compatible for Editor in 7.84 ms, found 3 plugins.
Preloading 0 native plugins for Editor in 0.00 ms.
Unloading 3101 Unused Serialized files (Serialized files now loaded: 0)
Unloading 31 unused Assets / (52.8 KB). Loaded Objects now: 3642.
Memory consumption went from 123.1 MB to 123.0 MB.
Total: 6.010600 ms (FindLiveObjects: 0.279100 ms CreateObjectMapping: 0.313800 ms MarkObjects: 5.283000 ms  DeleteObjects: 0.133200 ms)

AssetImportParameters requested are different than current active one (requested -> active):
  custom:video-decoder-webm-vp8: 9c59270c3fd7afecdb556c50c9e8de78 -> 
  custom:audio-encoder-webm-vorbis: bf7c407c2cedff20999df2af8eb42d56 -> 
  custom:AudioImporter_EditorPlatform: d09bf68614088b80899f8185d706f6e7 -> 
  custom:audio-decoder-ogg-vorbis: bf7c407c2cedff20999df2af8eb42d56 -> 
  custom:video-encoder-webm-vp8: eb34c28f22e8b96e1ab97ce403110664 -> 
  custom:container-demuxer-ogg: 62fdf1f143b41e24485cea50d1cbac27 -> 
  custom:framework-win-MediaFoundation: 216162199b28c13a410421893ffa2e32 -> 
  custom:video-decoder-ogg-theora: a1e56fd34408186e4bbccfd4996cb3dc -> 
  custom:container-muxer-webm: aa71ff27fc2769a1b78a27578f13a17b -> 
  custom:video-codec-MediaFoundation-h265: 746d11721c4dcdbdad8f713fa42b33f4 -> 
  custom:CustomObjectIndexerAttribute: 756ad292c208cfabdd7b50bc23989ffe -> 
  custom:container-demuxer-webm: 4f35f7cbe854078d1ac9338744f61a02 -> 
========================================================================
Received Import Request.
  Time since last request: 366241.719856 seconds.
  path: Assets/map 1.prefab
  artifactKey: Guid(d46de887ac31b5d468d739c4eac14c1a) Importer(815301076,1909f56bfc062723c751e8b465ee728b)
Start importing Assets/map 1.prefab using Guid(d46de887ac31b5d468d739c4eac14c1a) Importer(815301076,1909f56bfc062723c751e8b465ee728b)  -> (artifact id: '07d37821ace315e001c1771514e8ff4a') in 0.053269 seconds
Number of updated asset objects reloaded before import = 0
Number of asset objects unloaded after import = 142
========================================================================
Received Import Request.
  Time since last request: 31.836348 seconds.
  path: Assets/map.prefab
  artifactKey: Guid(80b0f96282c32674185a98e9b68db594) Importer(815301076,1909f56bfc062723c751e8b465ee728b)
Start importing Assets/map.prefab using Guid(80b0f96282c32674185a98e9b68db594) Importer(815301076,1909f56bfc062723c751e8b465ee728b)  -> (artifact id: '2cb82d1a1e2f14e7d040ae93d9054a7a') in 0.013968 seconds
Number of updated asset objects reloaded before import = 0
Number of asset objects unloaded after import = 142
========================================================================
Received Import Request.
  Time since last request: 0.027951 seconds.
  path: Assets/New Material 1.mat
  artifactKey: Guid(365cc0608e7882746892e75770cd159d) Importer(815301076,1909f56bfc062723c751e8b465ee728b)
Start importing Assets/New Material 1.mat using Guid(365cc0608e7882746892e75770cd159d) Importer(815301076,1909f56bfc062723c751e8b465ee728b)  -> (artifact id: '4103078c491f8d31444c45316fe40232') in 0.641287 seconds
Number of updated asset objects reloaded before import = 0
Number of asset objects unloaded after import = 1
========================================================================
Received Import Request.
  Time since last request: 0.000029 seconds.
  path: Assets/Object01_10.prefab
  artifactKey: Guid(49c0ebdc1083e70459cce82ba1887548) Importer(815301076,1909f56bfc062723c751e8b465ee728b)
Start importing Assets/Object01_10.prefab using Guid(49c0ebdc1083e70459cce82ba1887548) Importer(815301076,1909f56bfc062723c751e8b465ee728b)  -> (artifact id: '62ee7004b79c678d02d0cb374cdcbbcd') in 0.004577 seconds
Number of updated asset objects reloaded before import = 0
Number of asset objects unloaded after import = 7
========================================================================
Received Import Request.
  Time since last request: 0.000040 seconds.
  path: Assets/Object01_6.prefab
  artifactKey: Guid(71a3594bb1e0f774296c0d45bbfc3b2e) Importer(815301076,1909f56bfc062723c751e8b465ee728b)
Start importing Assets/Object01_6.prefab using Guid(71a3594bb1e0f774296c0d45bbfc3b2e) Importer(815301076,1909f56bfc062723c751e8b465ee728b)  -> (artifact id: 'a7f8c0c4efc33533a6ebb37676493cb1') in 0.009027 seconds
Number of updated asset objects reloaded before import = 0
Number of asset objects unloaded after import = 7
========================================================================
Received Import Request.
  Time since last request: 0.000025 seconds.
  path: Assets/Object01_9.prefab
  artifactKey: Guid(964772b6a5b13e54ba336797a914cf2e) Importer(815301076,1909f56bfc062723c751e8b465ee728b)
Start importing Assets/Object01_9.prefab using Guid(964772b6a5b13e54ba336797a914cf2e) Importer(815301076,1909f56bfc062723c751e8b465ee728b)  -> (artifact id: 'bbbae4bed2572d5fe842e7bee21033e5') in 0.003704 seconds
Number of updated asset objects reloaded before import = 0
Number of asset objects unloaded after import = 7
========================================================================
Received Import Request.
  Time since last request: 0.000080 seconds.
  path: Assets/Object01_3.prefab
  artifactKey: Guid(1cb97597ae075274e94f27c9f8d2ae73) Importer(815301076,1909f56bfc062723c751e8b465ee728b)
Start importing Assets/Object01_3.prefab using Guid(1cb97597ae075274e94f27c9f8d2ae73) Importer(815301076,1909f56bfc062723c751e8b465ee728b)  -> (artifact id: '217aaa4863c166e03446dd7633e2ff3c') in 0.003719 seconds
Number of updated asset objects reloaded before import = 0
Number of asset objects unloaded after import = 6
========================================================================
Received Import Request.
  Time since last request: 9.130827 seconds.
  path: Assets/Object01_16.prefab
  artifactKey: Guid(d9fc1d29cdc81f54b8504fb15c2671be) Importer(815301076,1909f56bfc062723c751e8b465ee728b)
Start importing Assets/Object01_16.prefab using Guid(d9fc1d29cdc81f54b8504fb15c2671be) Importer(815301076,1909f56bfc062723c751e8b465ee728b)  -> (artifact id: '89e42add9f0e18cff81d6646fb14b65b') in 0.006212 seconds
Number of updated asset objects reloaded before import = 0
Number of asset objects unloaded after import = 6
========================================================================
Received Import Request.
  Time since last request: 0.000018 seconds.
  path: Assets/Object01_19.prefab
  artifactKey: Guid(3f9e5f4ab027eca44bf672d776d2f725) Importer(815301076,1909f56bfc062723c751e8b465ee728b)
Start importing Assets/Object01_19.prefab using Guid(3f9e5f4ab027eca44bf672d776d2f725) Importer(815301076,1909f56bfc062723c751e8b465ee728b)  -> (artifact id: 'f966a848e1e20c590cc2bfb98d16bb3a') in 0.003096 seconds
Number of updated asset objects reloaded before import = 0
Number of asset objects unloaded after import = 6
========================================================================
Received Import Request.
  Time since last request: 0.088031 seconds.
  path: Assets/Object01_21.prefab
  artifactKey: Guid(cc9b4d0c93b5b2946986cf81635d16a6) Importer(815301076,1909f56bfc062723c751e8b465ee728b)
Start importing Assets/Object01_21.prefab using Guid(cc9b4d0c93b5b2946986cf81635d16a6) Importer(815301076,1909f56bfc062723c751e8b465ee728b)  -> (artifact id: '8f5e89551f6e10573bda5d1907d69b66') in 0.002882 seconds
Number of updated asset objects reloaded before import = 0
Number of asset objects unloaded after import = 6
========================================================================
Received Import Request.
  Time since last request: 0.000019 seconds.
  path: Assets/Object01_24.prefab
  artifactKey: Guid(f5cda249349c9fd4cb96e4f10865aba2) Importer(815301076,1909f56bfc062723c751e8b465ee728b)
Start importing Assets/Object01_24.prefab using Guid(f5cda249349c9fd4cb96e4f10865aba2) Importer(815301076,1909f56bfc062723c751e8b465ee728b)  -> (artifact id: 'b9d30f3b47da7e014e23203cf6e13149') in 0.004080 seconds
Number of updated asset objects reloaded before import = 0
Number of asset objects unloaded after import = 6
========================================================================
Received Import Request.
  Time since last request: 0.355885 seconds.
  path: Assets/Object01_26.prefab
  artifactKey: Guid(90fa369cb2a541f49a08dbf91c80e9d0) Importer(815301076,1909f56bfc062723c751e8b465ee728b)
Start importing Assets/Object01_26.prefab using Guid(90fa369cb2a541f49a08dbf91c80e9d0) Importer(815301076,1909f56bfc062723c751e8b465ee728b)  -> (artifact id: 'fa99862719a9595231dc273d26dd2aee') in 0.003125 seconds
Number of updated asset objects reloaded before import = 0
Number of asset objects unloaded after import = 7
========================================================================
Received Import Request.
  Time since last request: 0.000106 seconds.
  path: Assets/Object01_29.prefab
  artifactKey: Guid(4cf6c36c72666824fbeb0eb830e48282) Importer(815301076,1909f56bfc062723c751e8b465ee728b)
Start importing Assets/Object01_29.prefab using Guid(4cf6c36c72666824fbeb0eb830e48282) Importer(815301076,1909f56bfc062723c751e8b465ee728b)  -> (artifact id: '25184c47652cfe9f7b8865b187030e37') in 0.002639 seconds
Number of updated asset objects reloaded before import = 0
Number of asset objects unloaded after import = 7
========================================================================
Received Import Request.
  Time since last request: 117.201902 seconds.
  path: Assets/nitrousBar.png
  artifactKey: Guid(332ffcf1030191e4a8d606cc39b2c504) Importer(815301076,1909f56bfc062723c751e8b465ee728b)
Start importing Assets/nitrousBar.png using Guid(332ffcf1030191e4a8d606cc39b2c504) Importer(815301076,1909f56bfc062723c751e8b465ee728b)  -> (artifact id: 'f99b2856b16a75dbfe9374c945f0bbb0') in 0.075033 seconds
Number of updated asset objects reloaded before import = 0
Number of asset objects unloaded after import = 2
========================================================================
Received Import Request.
  Time since last request: 0.000030 seconds.
  path: Assets/tacho.png
  artifactKey: Guid(aeacfb4504091f6489ba2d9875b73e1e) Importer(815301076,1909f56bfc062723c751e8b465ee728b)
Start importing Assets/tacho.png using Guid(aeacfb4504091f6489ba2d9875b73e1e) Importer(815301076,1909f56bfc062723c751e8b465ee728b)  -> (artifact id: '1d76d6e691471d1328cd4a3d1ee4a349') in 0.018117 seconds
Number of updated asset objects reloaded before import = 0
Number of asset objects unloaded after import = 2
========================================================================
Received Import Request.
  Time since last request: 0.000035 seconds.
  path: Assets/speedo.png
  artifactKey: Guid(44d8f5ae5f9c2cd409b5d7d75cf93a62) Importer(815301076,1909f56bfc062723c751e8b465ee728b)
Start importing Assets/speedo.png using Guid(44d8f5ae5f9c2cd409b5d7d75cf93a62) Importer(815301076,1909f56bfc062723c751e8b465ee728b)  -> (artifact id: '0466f9f52f4890f5518e4c43750517b4') in 0.019017 seconds
Number of updated asset objects reloaded before import = 0
Number of asset objects unloaded after import = 2
Editor requested this worker to shutdown with reason: Scaling down because of idle timeout
AssetImportWorker is now disconnected from the server
Process exiting
Exiting without the bug reporter. Application will terminate with return code 0